The system is: CYGWIN - 3.0.4(0.338/5/3) - i686
Compiling the C compiler identification source file "CMakeCCompilerId.c" succeeded.
Compiler: /bin/cc 
Build flags: 
Id flags: 

The output was:
0


Compilation of the C compiler identification source "CMakeCCompilerId.c" produced "a.exe"

The C compiler identification is GNU, found in "/home/mobaxterm/Dev/SmartAlloc/src/build/CMakeFiles/3.6.2/CompilerIdC/a.exe"

Compiling the CXX compiler identification source file "CMakeCXXCompilerId.cpp" succeeded.
Compiler: /bin/c++.exe 
Build flags: 
Id flags: 

The output was:
0


Compilation of the CXX compiler identification source "CMakeCXXCompilerId.cpp" produced "a.exe"

The CXX compiler identification is GNU, found in "/home/mobaxterm/Dev/SmartAlloc/src/build/CMakeFiles/3.6.2/CompilerIdCXX/a.exe"

Determining if the C compiler works passed with the following output:
Change Dir: /home/mobaxterm/Dev/SmartAlloc/src/build/CMakeFiles/CMakeTmp

Run Build Command:"/bin/make.exe" "cmTC_57297/fast"
/bin/make -f CMakeFiles/cmTC_57297.dir/build.make CMakeFiles/cmTC_57297.dir/build
make[1]: Entering directory '/home/mobaxterm/Dev/SmartAlloc/src/build/CMakeFiles/CMakeTmp'
Building C object CMakeFiles/cmTC_57297.dir/testCCompiler.c.o
/bin/cc     -o CMakeFiles/cmTC_57297.dir/testCCompiler.c.o   -c /home/mobaxterm/Dev/SmartAlloc/src/build/CMakeFiles/CMakeTmp/testCCompiler.c
Linking C executable cmTC_57297.exe
/usr/bin/cmake.exe -E cmake_link_script CMakeFiles/cmTC_57297.dir/link.txt --verbose=1
/bin/cc     -Wl,--enable-auto-import  CMakeFiles/cmTC_57297.dir/testCCompiler.c.o  -o cmTC_57297.exe -Wl,--out-implib,libcmTC_57297.dll.a -Wl,--major-image-version,0,--minor-image-version,0 
make[1]: Leaving directory '/home/mobaxterm/Dev/SmartAlloc/src/build/CMakeFiles/CMakeTmp'


Detecting C compiler ABI info compiled with the following output:
Change Dir: /home/mobaxterm/Dev/SmartAlloc/src/build/CMakeFiles/CMakeTmp

Run Build Command:"/bin/make.exe" "cmTC_a173d/fast"
/bin/make -f CMakeFiles/cmTC_a173d.dir/build.make CMakeFiles/cmTC_a173d.dir/build
make[1]: Entering directory '/home/mobaxterm/Dev/SmartAlloc/src/build/CMakeFiles/CMakeTmp'
Building C object CMakeFiles/cmTC_a173d.dir/CMakeCCompilerABI.c.o
/bin/cc     -o CMakeFiles/cmTC_a173d.dir/CMakeCCompilerABI.c.o   -c /usr/share/cmake-3.6.2/Modules/CMakeCCompilerABI.c
Linking C executable cmTC_a173d.exe
/usr/bin/cmake.exe -E cmake_link_script CMakeFiles/cmTC_a173d.dir/link.txt --verbose=1
/bin/cc     -Wl,--enable-auto-import -v CMakeFiles/cmTC_a173d.dir/CMakeCCompilerABI.c.o  -o cmTC_a173d.exe -Wl,--out-implib,libcmTC_a173d.dll.a -Wl,--major-image-version,0,--minor-image-version,0  
Using built-in specs.
COLLECT_GCC=/bin/cc
COLLECT_LTO_WRAPPER=/bin/../lib/gcc/i686-pc-cygwin/7.4.0/lto-wrapper.exe
Target: i686-pc-cygwin
Configured with: /cygdrive/i/szsz/tmpp/gcc/gcc-7.4.0-1.i686/src/gcc-7.4.0/configure --srcdir=/cygdrive/i/szsz/tmpp/gcc/gcc-7.4.0-1.i686/src/gcc-7.4.0 --prefix=/usr --exec-prefix=/usr --localstatedir=/var --sysconfdir=/etc --docdir=/usr/share/doc/gcc --htmldir=/usr/share/doc/gcc/html -C --build=i686-pc-cygwin --host=i686-pc-cygwin --target=i686-pc-cygwin --without-libiconv-prefix --without-libintl-prefix --libexecdir=/usr/lib --enable-shared --enable-shared-libgcc --enable-static --enable-version-specific-runtime-libs --enable-bootstrap --enable-__cxa_atexit --with-dwarf2 --with-arch=i686 --with-tune=generic --disable-sjlj-exceptions --enable-languages=ada,c,c++,fortran,lto,objc,obj-c++ --enable-graphite --enable-threads=posix --enable-libatomic --enable-libcilkrts --enable-libgomp --enable-libitm --enable-libquadmath --enable-libquadmath-support --disable-libssp --enable-libada --disable-symvers --with-gnu-ld --with-gnu-as --with-cloog-include=/usr/include/cloog-isl --without-libiconv-prefix --without-libintl-prefix --with-system-zlib --enable-linker-build-id --with-default-libstdcxx-abi=gcc4-compatible --enable-libstdcxx-filesystem-ts
Thread model: posix
gcc version 7.4.0 (GCC) 
COMPILER_PATH=/bin/../lib/gcc/i686-pc-cygwin/7.4.0/:/bin/../lib/gcc/
LIBRARY_PATH=/bin/../lib/gcc/i686-pc-cygwin/7.4.0/:/bin/../lib/gcc/:/bin/../lib/gcc/i686-pc-cygwin/7.4.0/../../../:/lib/:/usr/lib/
COLLECT_GCC_OPTIONS='-v' '-o' 'cmTC_a173d.exe' '-mtune=generic' '-march=i686'
 /bin/../lib/gcc/i686-pc-cygwin/7.4.0/collect2.exe -plugin /bin/../lib/gcc/i686-pc-cygwin/7.4.0/cyglto_plugin.dll -plugin-opt=/bin/../lib/gcc/i686-pc-cygwin/7.4.0/lto-wrapper.exe -plugin-opt=-fresolution=/tmp/ccGf8w2k.res -plugin-opt=-pass-through=-lgcc_s -plugin-opt=-pass-through=-lgcc -plugin-opt=-pass-through=-lcygwin -plugin-opt=-pass-through=-ladvapi32 -plugin-opt=-pass-through=-lshell32 -plugin-opt=-pass-through=-luser32 -plugin-opt=-pass-through=-lkernel32 -plugin-opt=-pass-through=-lgcc_s -plugin-opt=-pass-through=-lgcc --build-id --wrap _Znwj --wrap _Znaj --wrap _ZdlPv --wrap _ZdaPv --wrap _ZnwjRKSt9nothrow_t --wrap _ZnajRKSt9nothrow_t --wrap _ZdlPvRKSt9nothrow_t --wrap _ZdaPvRKSt9nothrow_t -Bdynamic --dll-search-prefix=cyg --large-address-aware --tsaware -o cmTC_a173d.exe /bin/../lib/gcc/i686-pc-cygwin/7.4.0/../../../crt0.o /bin/../lib/gcc/i686-pc-cygwin/7.4.0/crtbegin.o -L/bin/../lib/gcc/i686-pc-cygwin/7.4.0 -L/bin/../lib/gcc -L/bin/../lib/gcc/i686-pc-cygwin/7.4.0/../../.. --enable-auto-import CMakeFiles/cmTC_a173d.dir/CMakeCCompilerABI.c.o --out-implib libcmTC_a173d.dll.a --major-image-version 0 --minor-image-version 0 -lgcc_s -lgcc -lcygwin -ladvapi32 -lshell32 -luser32 -lkernel32 -lgcc_s -lgcc /bin/../lib/gcc/i686-pc-cygwin/7.4.0/../../../default-manifest.o /bin/../lib/gcc/i686-pc-cygwin/7.4.0/crtend.o
COLLECT_GCC_OPTIONS='-v' '-o' 'cmTC_a173d.exe' '-mtune=generic' '-march=i686'
make[1]: Leaving directory '/home/mobaxterm/Dev/SmartAlloc/src/build/CMakeFiles/CMakeTmp'


Parsed C implicit link information from above output:
  link line regex: [^( *|.*[/\])(ld\.exe|([^/\]+-)?ld|collect2)[^/\]*( |$)]
  ignore line: [Change Dir: /home/mobaxterm/Dev/SmartAlloc/src/build/CMakeFiles/CMakeTmp]
  ignore line: []
  ignore line: [Run Build Command:"/bin/make.exe" "cmTC_a173d/fast"]
  ignore line: [/bin/make -f CMakeFiles/cmTC_a173d.dir/build.make CMakeFiles/cmTC_a173d.dir/build]
  ignore line: [make[1]: Entering directory '/home/mobaxterm/Dev/SmartAlloc/src/build/CMakeFiles/CMakeTmp']
  ignore line: [Building C object CMakeFiles/cmTC_a173d.dir/CMakeCCompilerABI.c.o]
  ignore line: [/bin/cc     -o CMakeFiles/cmTC_a173d.dir/CMakeCCompilerABI.c.o   -c /usr/share/cmake-3.6.2/Modules/CMakeCCompilerABI.c]
  ignore line: [Linking C executable cmTC_a173d.exe]
  ignore line: [/usr/bin/cmake.exe -E cmake_link_script CMakeFiles/cmTC_a173d.dir/link.txt --verbose=1]
  ignore line: [/bin/cc     -Wl,--enable-auto-import -v CMakeFiles/cmTC_a173d.dir/CMakeCCompilerABI.c.o  -o cmTC_a173d.exe -Wl,--out-implib,libcmTC_a173d.dll.a -Wl,--major-image-version,0,--minor-image-version,0  ]
  ignore line: [Using built-in specs.]
  ignore line: [COLLECT_GCC=/bin/cc]
  ignore line: [COLLECT_LTO_WRAPPER=/bin/../lib/gcc/i686-pc-cygwin/7.4.0/lto-wrapper.exe]
  ignore line: [Target: i686-pc-cygwin]
  ignore line: [Configured with: /cygdrive/i/szsz/tmpp/gcc/gcc-7.4.0-1.i686/src/gcc-7.4.0/configure --srcdir=/cygdrive/i/szsz/tmpp/gcc/gcc-7.4.0-1.i686/src/gcc-7.4.0 --prefix=/usr --exec-prefix=/usr --localstatedir=/var --sysconfdir=/etc --docdir=/usr/share/doc/gcc --htmldir=/usr/share/doc/gcc/html -C --build=i686-pc-cygwin --host=i686-pc-cygwin --target=i686-pc-cygwin --without-libiconv-prefix --without-libintl-prefix --libexecdir=/usr/lib --enable-shared --enable-shared-libgcc --enable-static --enable-version-specific-runtime-libs --enable-bootstrap --enable-__cxa_atexit --with-dwarf2 --with-arch=i686 --with-tune=generic --disable-sjlj-exceptions --enable-languages=ada,c,c++,fortran,lto,objc,obj-c++ --enable-graphite --enable-threads=posix --enable-libatomic --enable-libcilkrts --enable-libgomp --enable-libitm --enable-libquadmath --enable-libquadmath-support --disable-libssp --enable-libada --disable-symvers --with-gnu-ld --with-gnu-as --with-cloog-include=/usr/include/cloog-isl --without-libiconv-prefix --without-libintl-prefix --with-system-zlib --enable-linker-build-id --with-default-libstdcxx-abi=gcc4-compatible --enable-libstdcxx-filesystem-ts]
  ignore line: [Thread model: posix]
  ignore line: [gcc version 7.4.0 (GCC) ]
  ignore line: [COMPILER_PATH=/bin/../lib/gcc/i686-pc-cygwin/7.4.0/:/bin/../lib/gcc/]
  ignore line: [LIBRARY_PATH=/bin/../lib/gcc/i686-pc-cygwin/7.4.0/:/bin/../lib/gcc/:/bin/../lib/gcc/i686-pc-cygwin/7.4.0/../../../:/lib/:/usr/lib/]
  ignore line: [COLLECT_GCC_OPTIONS='-v' '-o' 'cmTC_a173d.exe' '-mtune=generic' '-march=i686']
  link line: [ /bin/../lib/gcc/i686-pc-cygwin/7.4.0/collect2.exe -plugin /bin/../lib/gcc/i686-pc-cygwin/7.4.0/cyglto_plugin.dll -plugin-opt=/bin/../lib/gcc/i686-pc-cygwin/7.4.0/lto-wrapper.exe -plugin-opt=-fresolution=/tmp/ccGf8w2k.res -plugin-opt=-pass-through=-lgcc_s -plugin-opt=-pass-through=-lgcc -plugin-opt=-pass-through=-lcygwin -plugin-opt=-pass-through=-ladvapi32 -plugin-opt=-pass-through=-lshell32 -plugin-opt=-pass-through=-luser32 -plugin-opt=-pass-through=-lkernel32 -plugin-opt=-pass-through=-lgcc_s -plugin-opt=-pass-through=-lgcc --build-id --wrap _Znwj --wrap _Znaj --wrap _ZdlPv --wrap _ZdaPv --wrap _ZnwjRKSt9nothrow_t --wrap _ZnajRKSt9nothrow_t --wrap _ZdlPvRKSt9nothrow_t --wrap _ZdaPvRKSt9nothrow_t -Bdynamic --dll-search-prefix=cyg --large-address-aware --tsaware -o cmTC_a173d.exe /bin/../lib/gcc/i686-pc-cygwin/7.4.0/../../../crt0.o /bin/../lib/gcc/i686-pc-cygwin/7.4.0/crtbegin.o -L/bin/../lib/gcc/i686-pc-cygwin/7.4.0 -L/bin/../lib/gcc -L/bin/../lib/gcc/i686-pc-cygwin/7.4.0/../../.. --enable-auto-import CMakeFiles/cmTC_a173d.dir/CMakeCCompilerABI.c.o --out-implib libcmTC_a173d.dll.a --major-image-version 0 --minor-image-version 0 -lgcc_s -lgcc -lcygwin -ladvapi32 -lshell32 -luser32 -lkernel32 -lgcc_s -lgcc /bin/../lib/gcc/i686-pc-cygwin/7.4.0/../../../default-manifest.o /bin/../lib/gcc/i686-pc-cygwin/7.4.0/crtend.o]
    arg [/bin/../lib/gcc/i686-pc-cygwin/7.4.0/collect2.exe] ==> ignore
    arg [-plugin] ==> ignore
    arg [/bin/../lib/gcc/i686-pc-cygwin/7.4.0/cyglto_plugin.dll] ==> ignore
    arg [-plugin-opt=/bin/../lib/gcc/i686-pc-cygwin/7.4.0/lto-wrapper.exe] ==> ignore
    arg [-plugin-opt=-fresolution=/tmp/ccGf8w2k.res] ==> ignore
    arg [-plugin-opt=-pass-through=-lgcc_s] ==> ignore
    arg [-plugin-opt=-pass-through=-lgcc] ==> ignore
    arg [-plugin-opt=-pass-through=-lcygwin] ==> ignore
    arg [-plugin-opt=-pass-through=-ladvapi32] ==> ignore
    arg [-plugin-opt=-pass-through=-lshell32] ==> ignore
    arg [-plugin-opt=-pass-through=-luser32] ==> ignore
    arg [-plugin-opt=-pass-through=-lkernel32] ==> ignore
    arg [-plugin-opt=-pass-through=-lgcc_s] ==> ignore
    arg [-plugin-opt=-pass-through=-lgcc] ==> ignore
    arg [--build-id] ==> ignore
    arg [--wrap] ==> ignore
    arg [_Znwj] ==> ignore
    arg [--wrap] ==> ignore
    arg [_Znaj] ==> ignore
    arg [--wrap] ==> ignore
    arg [_ZdlPv] ==> ignore
    arg [--wrap] ==> ignore
    arg [_ZdaPv] ==> ignore
    arg [--wrap] ==> ignore
    arg [_ZnwjRKSt9nothrow_t] ==> ignore
    arg [--wrap] ==> ignore
    arg [_ZnajRKSt9nothrow_t] ==> ignore
    arg [--wrap] ==> ignore
    arg [_ZdlPvRKSt9nothrow_t] ==> ignore
    arg [--wrap] ==> ignore
    arg [_ZdaPvRKSt9nothrow_t] ==> ignore
    arg [-Bdynamic] ==> ignore
    arg [--dll-search-prefix=cyg] ==> ignore
    arg [--large-address-aware] ==> ignore
    arg [--tsaware] ==> ignore
    arg [-o] ==> ignore
    arg [cmTC_a173d.exe] ==> ignore
    arg [/bin/../lib/gcc/i686-pc-cygwin/7.4.0/../../../crt0.o] ==> ignore
    arg [/bin/../lib/gcc/i686-pc-cygwin/7.4.0/crtbegin.o] ==> ignore
    arg [-L/bin/../lib/gcc/i686-pc-cygwin/7.4.0] ==> dir [/bin/../lib/gcc/i686-pc-cygwin/7.4.0]
    arg [-L/bin/../lib/gcc] ==> dir [/bin/../lib/gcc]
    arg [-L/bin/../lib/gcc/i686-pc-cygwin/7.4.0/../../..] ==> dir [/bin/../lib/gcc/i686-pc-cygwin/7.4.0/../../..]
    arg [--enable-auto-import] ==> ignore
    arg [CMakeFiles/cmTC_a173d.dir/CMakeCCompilerABI.c.o] ==> ignore
    arg [--out-implib] ==> ignore
    arg [libcmTC_a173d.dll.a] ==> ignore
    arg [--major-image-version] ==> ignore
    arg [0] ==> ignore
    arg [--minor-image-version] ==> ignore
    arg [0] ==> ignore
    arg [-lgcc_s] ==> lib [gcc_s]
    arg [-lgcc] ==> lib [gcc]
    arg [-lcygwin] ==> lib [cygwin]
    arg [-ladvapi32] ==> lib [advapi32]
    arg [-lshell32] ==> lib [shell32]
    arg [-luser32] ==> lib [user32]
    arg [-lkernel32] ==> lib [kernel32]
    arg [-lgcc_s] ==> lib [gcc_s]
    arg [-lgcc] ==> lib [gcc]
    arg [/bin/../lib/gcc/i686-pc-cygwin/7.4.0/../../../default-manifest.o] ==> ignore
    arg [/bin/../lib/gcc/i686-pc-cygwin/7.4.0/crtend.o] ==> ignore
  remove lib [gcc_s]
  remove lib [gcc]
  remove lib [gcc_s]
  remove lib [gcc]
  collapse library dir [/bin/../lib/gcc/i686-pc-cygwin/7.4.0] ==> [/lib/gcc/i686-pc-cygwin/7.4.0]
  collapse library dir [/bin/../lib/gcc] ==> [/lib/gcc]
  collapse library dir [/bin/../lib/gcc/i686-pc-cygwin/7.4.0/../../..] ==> [/lib]
  implicit libs: [cygwin;advapi32;shell32;user32;kernel32]
  implicit dirs: [/lib/gcc/i686-pc-cygwin/7.4.0;/lib/gcc;/lib]
  implicit fwks: []




Detecting C [-std=c11] compiler features compiled with the following output:
Change Dir: /home/mobaxterm/Dev/SmartAlloc/src/build/CMakeFiles/CMakeTmp

Run Build Command:"/bin/make.exe" "cmTC_11bb3/fast"
/bin/make -f CMakeFiles/cmTC_11bb3.dir/build.make CMakeFiles/cmTC_11bb3.dir/build
make[1]: Entering directory '/home/mobaxterm/Dev/SmartAlloc/src/build/CMakeFiles/CMakeTmp'
Building C object CMakeFiles/cmTC_11bb3.dir/feature_tests.c.o
/bin/cc    -std=c11 -o CMakeFiles/cmTC_11bb3.dir/feature_tests.c.o   -c /home/mobaxterm/Dev/SmartAlloc/src/build/CMakeFiles/feature_tests.c
Linking C executable cmTC_11bb3.exe
/usr/bin/cmake.exe -E cmake_link_script CMakeFiles/cmTC_11bb3.dir/link.txt --verbose=1
/bin/cc     -Wl,--enable-auto-import  CMakeFiles/cmTC_11bb3.dir/feature_tests.c.o  -o cmTC_11bb3.exe -Wl,--out-implib,libcmTC_11bb3.dll.a -Wl,--major-image-version,0,--minor-image-version,0 
make[1]: Leaving directory '/home/mobaxterm/Dev/SmartAlloc/src/build/CMakeFiles/CMakeTmp'


    Feature record: C_FEATURE:1c_function_prototypes
    Feature record: C_FEATURE:1c_restrict
    Feature record: C_FEATURE:1c_static_assert
    Feature record: C_FEATURE:1c_variadic_macros


Detecting C [-std=c99] compiler features compiled with the following output:
Change Dir: /home/mobaxterm/Dev/SmartAlloc/src/build/CMakeFiles/CMakeTmp

Run Build Command:"/bin/make.exe" "cmTC_80445/fast"
/bin/make -f CMakeFiles/cmTC_80445.dir/build.make CMakeFiles/cmTC_80445.dir/build
make[1]: Entering directory '/home/mobaxterm/Dev/SmartAlloc/src/build/CMakeFiles/CMakeTmp'
Building C object CMakeFiles/cmTC_80445.dir/feature_tests.c.o
/bin/cc    -std=c99 -o CMakeFiles/cmTC_80445.dir/feature_tests.c.o   -c /home/mobaxterm/Dev/SmartAlloc/src/build/CMakeFiles/feature_tests.c
Linking C executable cmTC_80445.exe
/usr/bin/cmake.exe -E cmake_link_script CMakeFiles/cmTC_80445.dir/link.txt --verbose=1
/bin/cc     -Wl,--enable-auto-import  CMakeFiles/cmTC_80445.dir/feature_tests.c.o  -o cmTC_80445.exe -Wl,--out-implib,libcmTC_80445.dll.a -Wl,--major-image-version,0,--minor-image-version,0 
make[1]: Leaving directory '/home/mobaxterm/Dev/SmartAlloc/src/build/CMakeFiles/CMakeTmp'


    Feature record: C_FEATURE:1c_function_prototypes
    Feature record: C_FEATURE:1c_restrict
    Feature record: C_FEATURE:0c_static_assert
    Feature record: C_FEATURE:1c_variadic_macros


Detecting C [-std=c90] compiler features compiled with the following output:
Change Dir: /home/mobaxterm/Dev/SmartAlloc/src/build/CMakeFiles/CMakeTmp

Run Build Command:"/bin/make.exe" "cmTC_98863/fast"
/bin/make -f CMakeFiles/cmTC_98863.dir/build.make CMakeFiles/cmTC_98863.dir/build
make[1]: Entering directory '/home/mobaxterm/Dev/SmartAlloc/src/build/CMakeFiles/CMakeTmp'
Building C object CMakeFiles/cmTC_98863.dir/feature_tests.c.o
/bin/cc    -std=c90 -o CMakeFiles/cmTC_98863.dir/feature_tests.c.o   -c /home/mobaxterm/Dev/SmartAlloc/src/build/CMakeFiles/feature_tests.c
Linking C executable cmTC_98863.exe
/usr/bin/cmake.exe -E cmake_link_script CMakeFiles/cmTC_98863.dir/link.txt --verbose=1
/bin/cc     -Wl,--enable-auto-import  CMakeFiles/cmTC_98863.dir/feature_tests.c.o  -o cmTC_98863.exe -Wl,--out-implib,libcmTC_98863.dll.a -Wl,--major-image-version,0,--minor-image-version,0 
make[1]: Leaving directory '/home/mobaxterm/Dev/SmartAlloc/src/build/CMakeFiles/CMakeTmp'


    Feature record: C_FEATURE:1c_function_prototypes
    Feature record: C_FEATURE:0c_restrict
    Feature record: C_FEATURE:0c_static_assert
    Feature record: C_FEATURE:0c_variadic_macros
Determining if the CXX compiler works passed with the following output:
Change Dir: /home/mobaxterm/Dev/SmartAlloc/src/build/CMakeFiles/CMakeTmp

Run Build Command:"/bin/make.exe" "cmTC_7a7ca/fast"
/bin/make -f CMakeFiles/cmTC_7a7ca.dir/build.make CMakeFiles/cmTC_7a7ca.dir/build
make[1]: Entering directory '/home/mobaxterm/Dev/SmartAlloc/src/build/CMakeFiles/CMakeTmp'
Building CXX object CMakeFiles/cmTC_7a7ca.dir/testCXXCompiler.cxx.o
/bin/c++.exe      -o CMakeFiles/cmTC_7a7ca.dir/testCXXCompiler.cxx.o -c /home/mobaxterm/Dev/SmartAlloc/src/build/CMakeFiles/CMakeTmp/testCXXCompiler.cxx
Linking CXX executable cmTC_7a7ca.exe
/usr/bin/cmake.exe -E cmake_link_script CMakeFiles/cmTC_7a7ca.dir/link.txt --verbose=1
/bin/c++.exe     -Wl,--enable-auto-import  CMakeFiles/cmTC_7a7ca.dir/testCXXCompiler.cxx.o  -o cmTC_7a7ca.exe -Wl,--out-implib,libcmTC_7a7ca.dll.a -Wl,--major-image-version,0,--minor-image-version,0 
make[1]: Leaving directory '/home/mobaxterm/Dev/SmartAlloc/src/build/CMakeFiles/CMakeTmp'


Detecting CXX compiler ABI info compiled with the following output:
Change Dir: /home/mobaxterm/Dev/SmartAlloc/src/build/CMakeFiles/CMakeTmp

Run Build Command:"/bin/make.exe" "cmTC_44021/fast"
/bin/make -f CMakeFiles/cmTC_44021.dir/build.make CMakeFiles/cmTC_44021.dir/build
make[1]: Entering directory '/home/mobaxterm/Dev/SmartAlloc/src/build/CMakeFiles/CMakeTmp'
Building CXX object CMakeFiles/cmTC_44021.dir/CMakeCXXCompilerABI.cpp.o
/bin/c++.exe      -o CMakeFiles/cmTC_44021.dir/CMakeCXXCompilerABI.cpp.o -c /usr/share/cmake-3.6.2/Modules/CMakeCXXCompilerABI.cpp
Linking CXX executable cmTC_44021.exe
/usr/bin/cmake.exe -E cmake_link_script CMakeFiles/cmTC_44021.dir/link.txt --verbose=1
/bin/c++.exe     -Wl,--enable-auto-import -v CMakeFiles/cmTC_44021.dir/CMakeCXXCompilerABI.cpp.o  -o cmTC_44021.exe -Wl,--out-implib,libcmTC_44021.dll.a -Wl,--major-image-version,0,--minor-image-version,0  
Using built-in specs.
COLLECT_GCC=/bin/c++
COLLECT_LTO_WRAPPER=/bin/../lib/gcc/i686-pc-cygwin/7.4.0/lto-wrapper.exe
Target: i686-pc-cygwin
Configured with: /cygdrive/i/szsz/tmpp/gcc/gcc-7.4.0-1.i686/src/gcc-7.4.0/configure --srcdir=/cygdrive/i/szsz/tmpp/gcc/gcc-7.4.0-1.i686/src/gcc-7.4.0 --prefix=/usr --exec-prefix=/usr --localstatedir=/var --sysconfdir=/etc --docdir=/usr/share/doc/gcc --htmldir=/usr/share/doc/gcc/html -C --build=i686-pc-cygwin --host=i686-pc-cygwin --target=i686-pc-cygwin --without-libiconv-prefix --without-libintl-prefix --libexecdir=/usr/lib --enable-shared --enable-shared-libgcc --enable-static --enable-version-specific-runtime-libs --enable-bootstrap --enable-__cxa_atexit --with-dwarf2 --with-arch=i686 --with-tune=generic --disable-sjlj-exceptions --enable-languages=ada,c,c++,fortran,lto,objc,obj-c++ --enable-graphite --enable-threads=posix --enable-libatomic --enable-libcilkrts --enable-libgomp --enable-libitm --enable-libquadmath --enable-libquadmath-support --disable-libssp --enable-libada --disable-symvers --with-gnu-ld --with-gnu-as --with-cloog-include=/usr/include/cloog-isl --without-libiconv-prefix --without-libintl-prefix --with-system-zlib --enable-linker-build-id --with-default-libstdcxx-abi=gcc4-compatible --enable-libstdcxx-filesystem-ts
Thread model: posix
gcc version 7.4.0 (GCC) 
COMPILER_PATH=/bin/../lib/gcc/i686-pc-cygwin/7.4.0/:/bin/../lib/gcc/
LIBRARY_PATH=/bin/../lib/gcc/i686-pc-cygwin/7.4.0/:/bin/../lib/gcc/:/bin/../lib/gcc/i686-pc-cygwin/7.4.0/../../../:/lib/:/usr/lib/
COLLECT_GCC_OPTIONS='-v' '-o' 'cmTC_44021.exe' '-shared-libgcc' '-mtune=generic' '-march=i686'
 /bin/../lib/gcc/i686-pc-cygwin/7.4.0/collect2.exe -plugin /bin/../lib/gcc/i686-pc-cygwin/7.4.0/cyglto_plugin.dll -plugin-opt=/bin/../lib/gcc/i686-pc-cygwin/7.4.0/lto-wrapper.exe -plugin-opt=-fresolution=/tmp/ccTanWc2.res -plugin-opt=-pass-through=-lgcc_s -plugin-opt=-pass-through=-lgcc -plugin-opt=-pass-through=-lcygwin -plugin-opt=-pass-through=-ladvapi32 -plugin-opt=-pass-through=-lshell32 -plugin-opt=-pass-through=-luser32 -plugin-opt=-pass-through=-lkernel32 -plugin-opt=-pass-through=-lgcc_s -plugin-opt=-pass-through=-lgcc --build-id --wrap _Znwj --wrap _Znaj --wrap _ZdlPv --wrap _ZdaPv --wrap _ZnwjRKSt9nothrow_t --wrap _ZnajRKSt9nothrow_t --wrap _ZdlPvRKSt9nothrow_t --wrap _ZdaPvRKSt9nothrow_t -Bdynamic --dll-search-prefix=cyg --large-address-aware --tsaware -o cmTC_44021.exe /bin/../lib/gcc/i686-pc-cygwin/7.4.0/../../../crt0.o /bin/../lib/gcc/i686-pc-cygwin/7.4.0/crtbegin.o -L/bin/../lib/gcc/i686-pc-cygwin/7.4.0 -L/bin/../lib/gcc -L/bin/../lib/gcc/i686-pc-cygwin/7.4.0/../../.. --enable-auto-import CMakeFiles/cmTC_44021.dir/CMakeCXXCompilerABI.cpp.o --out-implib libcmTC_44021.dll.a --major-image-version 0 --minor-image-version 0 -lstdc++ -lgcc_s -lgcc -lcygwin -ladvapi32 -lshell32 -luser32 -lkernel32 -lgcc_s -lgcc /bin/../lib/gcc/i686-pc-cygwin/7.4.0/../../../default-manifest.o /bin/../lib/gcc/i686-pc-cygwin/7.4.0/crtend.o
COLLECT_GCC_OPTIONS='-v' '-o' 'cmTC_44021.exe' '-shared-libgcc' '-mtune=generic' '-march=i686'
make[1]: Leaving directory '/home/mobaxterm/Dev/SmartAlloc/src/build/CMakeFiles/CMakeTmp'


Parsed CXX implicit link information from above output:
  link line regex: [^( *|.*[/\])(ld\.exe|([^/\]+-)?ld|collect2)[^/\]*( |$)]
  ignore line: [Change Dir: /home/mobaxterm/Dev/SmartAlloc/src/build/CMakeFiles/CMakeTmp]
  ignore line: []
  ignore line: [Run Build Command:"/bin/make.exe" "cmTC_44021/fast"]
  ignore line: [/bin/make -f CMakeFiles/cmTC_44021.dir/build.make CMakeFiles/cmTC_44021.dir/build]
  ignore line: [make[1]: Entering directory '/home/mobaxterm/Dev/SmartAlloc/src/build/CMakeFiles/CMakeTmp']
  ignore line: [Building CXX object CMakeFiles/cmTC_44021.dir/CMakeCXXCompilerABI.cpp.o]
  ignore line: [/bin/c++.exe      -o CMakeFiles/cmTC_44021.dir/CMakeCXXCompilerABI.cpp.o -c /usr/share/cmake-3.6.2/Modules/CMakeCXXCompilerABI.cpp]
  ignore line: [Linking CXX executable cmTC_44021.exe]
  ignore line: [/usr/bin/cmake.exe -E cmake_link_script CMakeFiles/cmTC_44021.dir/link.txt --verbose=1]
  ignore line: [/bin/c++.exe     -Wl,--enable-auto-import -v CMakeFiles/cmTC_44021.dir/CMakeCXXCompilerABI.cpp.o  -o cmTC_44021.exe -Wl,--out-implib,libcmTC_44021.dll.a -Wl,--major-image-version,0,--minor-image-version,0  ]
  ignore line: [Using built-in specs.]
  ignore line: [COLLECT_GCC=/bin/c++]
  ignore line: [COLLECT_LTO_WRAPPER=/bin/../lib/gcc/i686-pc-cygwin/7.4.0/lto-wrapper.exe]
  ignore line: [Target: i686-pc-cygwin]
  ignore line: [Configured with: /cygdrive/i/szsz/tmpp/gcc/gcc-7.4.0-1.i686/src/gcc-7.4.0/configure --srcdir=/cygdrive/i/szsz/tmpp/gcc/gcc-7.4.0-1.i686/src/gcc-7.4.0 --prefix=/usr --exec-prefix=/usr --localstatedir=/var --sysconfdir=/etc --docdir=/usr/share/doc/gcc --htmldir=/usr/share/doc/gcc/html -C --build=i686-pc-cygwin --host=i686-pc-cygwin --target=i686-pc-cygwin --without-libiconv-prefix --without-libintl-prefix --libexecdir=/usr/lib --enable-shared --enable-shared-libgcc --enable-static --enable-version-specific-runtime-libs --enable-bootstrap --enable-__cxa_atexit --with-dwarf2 --with-arch=i686 --with-tune=generic --disable-sjlj-exceptions --enable-languages=ada,c,c++,fortran,lto,objc,obj-c++ --enable-graphite --enable-threads=posix --enable-libatomic --enable-libcilkrts --enable-libgomp --enable-libitm --enable-libquadmath --enable-libquadmath-support --disable-libssp --enable-libada --disable-symvers --with-gnu-ld --with-gnu-as --with-cloog-include=/usr/include/cloog-isl --without-libiconv-prefix --without-libintl-prefix --with-system-zlib --enable-linker-build-id --with-default-libstdcxx-abi=gcc4-compatible --enable-libstdcxx-filesystem-ts]
  ignore line: [Thread model: posix]
  ignore line: [gcc version 7.4.0 (GCC) ]
  ignore line: [COMPILER_PATH=/bin/../lib/gcc/i686-pc-cygwin/7.4.0/:/bin/../lib/gcc/]
  ignore line: [LIBRARY_PATH=/bin/../lib/gcc/i686-pc-cygwin/7.4.0/:/bin/../lib/gcc/:/bin/../lib/gcc/i686-pc-cygwin/7.4.0/../../../:/lib/:/usr/lib/]
  ignore line: [COLLECT_GCC_OPTIONS='-v' '-o' 'cmTC_44021.exe' '-shared-libgcc' '-mtune=generic' '-march=i686']
  link line: [ /bin/../lib/gcc/i686-pc-cygwin/7.4.0/collect2.exe -plugin /bin/../lib/gcc/i686-pc-cygwin/7.4.0/cyglto_plugin.dll -plugin-opt=/bin/../lib/gcc/i686-pc-cygwin/7.4.0/lto-wrapper.exe -plugin-opt=-fresolution=/tmp/ccTanWc2.res -plugin-opt=-pass-through=-lgcc_s -plugin-opt=-pass-through=-lgcc -plugin-opt=-pass-through=-lcygwin -plugin-opt=-pass-through=-ladvapi32 -plugin-opt=-pass-through=-lshell32 -plugin-opt=-pass-through=-luser32 -plugin-opt=-pass-through=-lkernel32 -plugin-opt=-pass-through=-lgcc_s -plugin-opt=-pass-through=-lgcc --build-id --wrap _Znwj --wrap _Znaj --wrap _ZdlPv --wrap _ZdaPv --wrap _ZnwjRKSt9nothrow_t --wrap _ZnajRKSt9nothrow_t --wrap _ZdlPvRKSt9nothrow_t --wrap _ZdaPvRKSt9nothrow_t -Bdynamic --dll-search-prefix=cyg --large-address-aware --tsaware -o cmTC_44021.exe /bin/../lib/gcc/i686-pc-cygwin/7.4.0/../../../crt0.o /bin/../lib/gcc/i686-pc-cygwin/7.4.0/crtbegin.o -L/bin/../lib/gcc/i686-pc-cygwin/7.4.0 -L/bin/../lib/gcc -L/bin/../lib/gcc/i686-pc-cygwin/7.4.0/../../.. --enable-auto-import CMakeFiles/cmTC_44021.dir/CMakeCXXCompilerABI.cpp.o --out-implib libcmTC_44021.dll.a --major-image-version 0 --minor-image-version 0 -lstdc++ -lgcc_s -lgcc -lcygwin -ladvapi32 -lshell32 -luser32 -lkernel32 -lgcc_s -lgcc /bin/../lib/gcc/i686-pc-cygwin/7.4.0/../../../default-manifest.o /bin/../lib/gcc/i686-pc-cygwin/7.4.0/crtend.o]
    arg [/bin/../lib/gcc/i686-pc-cygwin/7.4.0/collect2.exe] ==> ignore
    arg [-plugin] ==> ignore
    arg [/bin/../lib/gcc/i686-pc-cygwin/7.4.0/cyglto_plugin.dll] ==> ignore
    arg [-plugin-opt=/bin/../lib/gcc/i686-pc-cygwin/7.4.0/lto-wrapper.exe] ==> ignore
    arg [-plugin-opt=-fresolution=/tmp/ccTanWc2.res] ==> ignore
    arg [-plugin-opt=-pass-through=-lgcc_s] ==> ignore
    arg [-plugin-opt=-pass-through=-lgcc] ==> ignore
    arg [-plugin-opt=-pass-through=-lcygwin] ==> ignore
    arg [-plugin-opt=-pass-through=-ladvapi32] ==> ignore
    arg [-plugin-opt=-pass-through=-lshell32] ==> ignore
    arg [-plugin-opt=-pass-through=-luser32] ==> ignore
    arg [-plugin-opt=-pass-through=-lkernel32] ==> ignore
    arg [-plugin-opt=-pass-through=-lgcc_s] ==> ignore
    arg [-plugin-opt=-pass-through=-lgcc] ==> ignore
    arg [--build-id] ==> ignore
    arg [--wrap] ==> ignore
    arg [_Znwj] ==> ignore
    arg [--wrap] ==> ignore
    arg [_Znaj] ==> ignore
    arg [--wrap] ==> ignore
    arg [_ZdlPv] ==> ignore
    arg [--wrap] ==> ignore
    arg [_ZdaPv] ==> ignore
    arg [--wrap] ==> ignore
    arg [_ZnwjRKSt9nothrow_t] ==> ignore
    arg [--wrap] ==> ignore
    arg [_ZnajRKSt9nothrow_t] ==> ignore
    arg [--wrap] ==> ignore
    arg [_ZdlPvRKSt9nothrow_t] ==> ignore
    arg [--wrap] ==> ignore
    arg [_ZdaPvRKSt9nothrow_t] ==> ignore
    arg [-Bdynamic] ==> ignore
    arg [--dll-search-prefix=cyg] ==> ignore
    arg [--large-address-aware] ==> ignore
    arg [--tsaware] ==> ignore
    arg [-o] ==> ignore
    arg [cmTC_44021.exe] ==> ignore
    arg [/bin/../lib/gcc/i686-pc-cygwin/7.4.0/../../../crt0.o] ==> ignore
    arg [/bin/../lib/gcc/i686-pc-cygwin/7.4.0/crtbegin.o] ==> ignore
    arg [-L/bin/../lib/gcc/i686-pc-cygwin/7.4.0] ==> dir [/bin/../lib/gcc/i686-pc-cygwin/7.4.0]
    arg [-L/bin/../lib/gcc] ==> dir [/bin/../lib/gcc]
    arg [-L/bin/../lib/gcc/i686-pc-cygwin/7.4.0/../../..] ==> dir [/bin/../lib/gcc/i686-pc-cygwin/7.4.0/../../..]
    arg [--enable-auto-import] ==> ignore
    arg [CMakeFiles/cmTC_44021.dir/CMakeCXXCompilerABI.cpp.o] ==> ignore
    arg [--out-implib] ==> ignore
    arg [libcmTC_44021.dll.a] ==> ignore
    arg [--major-image-version] ==> ignore
    arg [0] ==> ignore
    arg [--minor-image-version] ==> ignore
    arg [0] ==> ignore
    arg [-lstdc++] ==> lib [stdc++]
    arg [-lgcc_s] ==> lib [gcc_s]
    arg [-lgcc] ==> lib [gcc]
    arg [-lcygwin] ==> lib [cygwin]
    arg [-ladvapi32] ==> lib [advapi32]
    arg [-lshell32] ==> lib [shell32]
    arg [-luser32] ==> lib [user32]
    arg [-lkernel32] ==> lib [kernel32]
    arg [-lgcc_s] ==> lib [gcc_s]
    arg [-lgcc] ==> lib [gcc]
    arg [/bin/../lib/gcc/i686-pc-cygwin/7.4.0/../../../default-manifest.o] ==> ignore
    arg [/bin/../lib/gcc/i686-pc-cygwin/7.4.0/crtend.o] ==> ignore
  remove lib [gcc_s]
  remove lib [gcc]
  remove lib [gcc_s]
  remove lib [gcc]
  collapse library dir [/bin/../lib/gcc/i686-pc-cygwin/7.4.0] ==> [/lib/gcc/i686-pc-cygwin/7.4.0]
  collapse library dir [/bin/../lib/gcc] ==> [/lib/gcc]
  collapse library dir [/bin/../lib/gcc/i686-pc-cygwin/7.4.0/../../..] ==> [/lib]
  implicit libs: [stdc++;cygwin;advapi32;shell32;user32;kernel32]
  implicit dirs: [/lib/gcc/i686-pc-cygwin/7.4.0;/lib/gcc;/lib]
  implicit fwks: []




Detecting CXX [-std=c++14] compiler features compiled with the following output:
Change Dir: /home/mobaxterm/Dev/SmartAlloc/src/build/CMakeFiles/CMakeTmp

Run Build Command:"/bin/make.exe" "cmTC_374ab/fast"
/bin/make -f CMakeFiles/cmTC_374ab.dir/build.make CMakeFiles/cmTC_374ab.dir/build
make[1]: Entering directory '/home/mobaxterm/Dev/SmartAlloc/src/build/CMakeFiles/CMakeTmp'
Building CXX object CMakeFiles/cmTC_374ab.dir/feature_tests.cxx.o
/bin/c++.exe     -std=c++14 -o CMakeFiles/cmTC_374ab.dir/feature_tests.cxx.o -c /home/mobaxterm/Dev/SmartAlloc/src/build/CMakeFiles/feature_tests.cxx
Linking CXX executable cmTC_374ab.exe
/usr/bin/cmake.exe -E cmake_link_script CMakeFiles/cmTC_374ab.dir/link.txt --verbose=1
/bin/c++.exe     -Wl,--enable-auto-import  CMakeFiles/cmTC_374ab.dir/feature_tests.cxx.o  -o cmTC_374ab.exe -Wl,--out-implib,libcmTC_374ab.dll.a -Wl,--major-image-version,0,--minor-image-version,0 
make[1]: Leaving directory '/home/mobaxterm/Dev/SmartAlloc/src/build/CMakeFiles/CMakeTmp'


    Feature record: CXX_FEATURE:1cxx_aggregate_default_initializers
    Feature record: CXX_FEATURE:1cxx_alias_templates
    Feature record: CXX_FEATURE:1cxx_alignas
    Feature record: CXX_FEATURE:1cxx_alignof
    Feature record: CXX_FEATURE:1cxx_attributes
    Feature record: CXX_FEATURE:1cxx_attribute_deprecated
    Feature record: CXX_FEATURE:1cxx_auto_type
    Feature record: CXX_FEATURE:1cxx_binary_literals
    Feature record: CXX_FEATURE:1cxx_constexpr
    Feature record: CXX_FEATURE:1cxx_contextual_conversions
    Feature record: CXX_FEATURE:1cxx_decltype
    Feature record: CXX_FEATURE:1cxx_decltype_auto
    Feature record: CXX_FEATURE:1cxx_decltype_incomplete_return_types
    Feature record: CXX_FEATURE:1cxx_default_function_template_args
    Feature record: CXX_FEATURE:1cxx_defaulted_functions
    Feature record: CXX_FEATURE:1cxx_defaulted_move_initializers
    Feature record: CXX_FEATURE:1cxx_delegating_constructors
    Feature record: CXX_FEATURE:1cxx_deleted_functions
    Feature record: CXX_FEATURE:1cxx_digit_separators
    Feature record: CXX_FEATURE:1cxx_enum_forward_declarations
    Feature record: CXX_FEATURE:1cxx_explicit_conversions
    Feature record: CXX_FEATURE:1cxx_extended_friend_declarations
    Feature record: CXX_FEATURE:1cxx_extern_templates
    Feature record: CXX_FEATURE:1cxx_final
    Feature record: CXX_FEATURE:1cxx_func_identifier
    Feature record: CXX_FEATURE:1cxx_generalized_initializers
    Feature record: CXX_FEATURE:1cxx_generic_lambdas
    Feature record: CXX_FEATURE:1cxx_inheriting_constructors
    Feature record: CXX_FEATURE:1cxx_inline_namespaces
    Feature record: CXX_FEATURE:1cxx_lambdas
    Feature record: CXX_FEATURE:1cxx_lambda_init_captures
    Feature record: CXX_FEATURE:1cxx_local_type_template_args
    Feature record: CXX_FEATURE:1cxx_long_long_type
    Feature record: CXX_FEATURE:1cxx_noexcept
    Feature record: CXX_FEATURE:1cxx_nonstatic_member_init
    Feature record: CXX_FEATURE:1cxx_nullptr
    Feature record: CXX_FEATURE:1cxx_override
    Feature record: CXX_FEATURE:1cxx_range_for
    Feature record: CXX_FEATURE:1cxx_raw_string_literals
    Feature record: CXX_FEATURE:1cxx_reference_qualified_functions
    Feature record: CXX_FEATURE:1cxx_relaxed_constexpr
    Feature record: CXX_FEATURE:1cxx_return_type_deduction
    Feature record: CXX_FEATURE:1cxx_right_angle_brackets
    Feature record: CXX_FEATURE:1cxx_rvalue_references
    Feature record: CXX_FEATURE:1cxx_sizeof_member
    Feature record: CXX_FEATURE:1cxx_static_assert
    Feature record: CXX_FEATURE:1cxx_strong_enums
    Feature record: CXX_FEATURE:1cxx_template_template_parameters
    Feature record: CXX_FEATURE:1cxx_thread_local
    Feature record: CXX_FEATURE:1cxx_trailing_return_types
    Feature record: CXX_FEATURE:1cxx_unicode_literals
    Feature record: CXX_FEATURE:1cxx_uniform_initialization
    Feature record: CXX_FEATURE:1cxx_unrestricted_unions
    Feature record: CXX_FEATURE:1cxx_user_literals
    Feature record: CXX_FEATURE:1cxx_variable_templates
    Feature record: CXX_FEATURE:1cxx_variadic_macros
    Feature record: CXX_FEATURE:1cxx_variadic_templates


Detecting CXX [-std=c++11] compiler features compiled with the following output:
Change Dir: /home/mobaxterm/Dev/SmartAlloc/src/build/CMakeFiles/CMakeTmp

Run Build Command:"/bin/make.exe" "cmTC_2cd2d/fast"
/bin/make -f CMakeFiles/cmTC_2cd2d.dir/build.make CMakeFiles/cmTC_2cd2d.dir/build
make[1]: Entering directory '/home/mobaxterm/Dev/SmartAlloc/src/build/CMakeFiles/CMakeTmp'
Building CXX object CMakeFiles/cmTC_2cd2d.dir/feature_tests.cxx.o
/bin/c++.exe     -std=c++11 -o CMakeFiles/cmTC_2cd2d.dir/feature_tests.cxx.o -c /home/mobaxterm/Dev/SmartAlloc/src/build/CMakeFiles/feature_tests.cxx
Linking CXX executable cmTC_2cd2d.exe
/usr/bin/cmake.exe -E cmake_link_script CMakeFiles/cmTC_2cd2d.dir/link.txt --verbose=1
/bin/c++.exe     -Wl,--enable-auto-import  CMakeFiles/cmTC_2cd2d.dir/feature_tests.cxx.o  -o cmTC_2cd2d.exe -Wl,--out-implib,libcmTC_2cd2d.dll.a -Wl,--major-image-version,0,--minor-image-version,0 
make[1]: Leaving directory '/home/mobaxterm/Dev/SmartAlloc/src/build/CMakeFiles/CMakeTmp'


    Feature record: CXX_FEATURE:0cxx_aggregate_default_initializers
    Feature record: CXX_FEATURE:1cxx_alias_templates
    Feature record: CXX_FEATURE:1cxx_alignas
    Feature record: CXX_FEATURE:1cxx_alignof
    Feature record: CXX_FEATURE:1cxx_attributes
    Feature record: CXX_FEATURE:0cxx_attribute_deprecated
    Feature record: CXX_FEATURE:1cxx_auto_type
    Feature record: CXX_FEATURE:0cxx_binary_literals
    Feature record: CXX_FEATURE:1cxx_constexpr
    Feature record: CXX_FEATURE:0cxx_contextual_conversions
    Feature record: CXX_FEATURE:1cxx_decltype
    Feature record: CXX_FEATURE:0cxx_decltype_auto
    Feature record: CXX_FEATURE:1cxx_decltype_incomplete_return_types
    Feature record: CXX_FEATURE:1cxx_default_function_template_args
    Feature record: CXX_FEATURE:1cxx_defaulted_functions
    Feature record: CXX_FEATURE:1cxx_defaulted_move_initializers
    Feature record: CXX_FEATURE:1cxx_delegating_constructors
    Feature record: CXX_FEATURE:1cxx_deleted_functions
    Feature record: CXX_FEATURE:0cxx_digit_separators
    Feature record: CXX_FEATURE:1cxx_enum_forward_declarations
    Feature record: CXX_FEATURE:1cxx_explicit_conversions
    Feature record: CXX_FEATURE:1cxx_extended_friend_declarations
    Feature record: CXX_FEATURE:1cxx_extern_templates
    Feature record: CXX_FEATURE:1cxx_final
    Feature record: CXX_FEATURE:1cxx_func_identifier
    Feature record: CXX_FEATURE:1cxx_generalized_initializers
    Feature record: CXX_FEATURE:0cxx_generic_lambdas
    Feature record: CXX_FEATURE:1cxx_inheriting_constructors
    Feature record: CXX_FEATURE:1cxx_inline_namespaces
    Feature record: CXX_FEATURE:1cxx_lambdas
    Feature record: CXX_FEATURE:0cxx_lambda_init_captures
    Feature record: CXX_FEATURE:1cxx_local_type_template_args
    Feature record: CXX_FEATURE:1cxx_long_long_type
    Feature record: CXX_FEATURE:1cxx_noexcept
    Feature record: CXX_FEATURE:1cxx_nonstatic_member_init
    Feature record: CXX_FEATURE:1cxx_nullptr
    Feature record: CXX_FEATURE:1cxx_override
    Feature record: CXX_FEATURE:1cxx_range_for
    Feature record: CXX_FEATURE:1cxx_raw_string_literals
    Feature record: CXX_FEATURE:1cxx_reference_qualified_functions
    Feature record: CXX_FEATURE:0cxx_relaxed_constexpr
    Feature record: CXX_FEATURE:0cxx_return_type_deduction
    Feature record: CXX_FEATURE:1cxx_right_angle_brackets
    Feature record: CXX_FEATURE:1cxx_rvalue_references
    Feature record: CXX_FEATURE:1cxx_sizeof_member
    Feature record: CXX_FEATURE:1cxx_static_assert
    Feature record: CXX_FEATURE:1cxx_strong_enums
    Feature record: CXX_FEATURE:1cxx_template_template_parameters
    Feature record: CXX_FEATURE:1cxx_thread_local
    Feature record: CXX_FEATURE:1cxx_trailing_return_types
    Feature record: CXX_FEATURE:1cxx_unicode_literals
    Feature record: CXX_FEATURE:1cxx_uniform_initialization
    Feature record: CXX_FEATURE:1cxx_unrestricted_unions
    Feature record: CXX_FEATURE:1cxx_user_literals
    Feature record: CXX_FEATURE:0cxx_variable_templates
    Feature record: CXX_FEATURE:1cxx_variadic_macros
    Feature record: CXX_FEATURE:1cxx_variadic_templates


Detecting CXX [-std=c++98] compiler features compiled with the following output:
Change Dir: /home/mobaxterm/Dev/SmartAlloc/src/build/CMakeFiles/CMakeTmp

Run Build Command:"/bin/make.exe" "cmTC_d42ce/fast"
/bin/make -f CMakeFiles/cmTC_d42ce.dir/build.make CMakeFiles/cmTC_d42ce.dir/build
make[1]: Entering directory '/home/mobaxterm/Dev/SmartAlloc/src/build/CMakeFiles/CMakeTmp'
Building CXX object CMakeFiles/cmTC_d42ce.dir/feature_tests.cxx.o
/bin/c++.exe     -std=c++98 -o CMakeFiles/cmTC_d42ce.dir/feature_tests.cxx.o -c /home/mobaxterm/Dev/SmartAlloc/src/build/CMakeFiles/feature_tests.cxx
Linking CXX executable cmTC_d42ce.exe
/usr/bin/cmake.exe -E cmake_link_script CMakeFiles/cmTC_d42ce.dir/link.txt --verbose=1
/bin/c++.exe     -Wl,--enable-auto-import  CMakeFiles/cmTC_d42ce.dir/feature_tests.cxx.o  -o cmTC_d42ce.exe -Wl,--out-implib,libcmTC_d42ce.dll.a -Wl,--major-image-version,0,--minor-image-version,0 
make[1]: Leaving directory '/home/mobaxterm/Dev/SmartAlloc/src/build/CMakeFiles/CMakeTmp'


    Feature record: CXX_FEATURE:0cxx_aggregate_default_initializers
    Feature record: CXX_FEATURE:0cxx_alias_templates
    Feature record: CXX_FEATURE:0cxx_alignas
    Feature record: CXX_FEATURE:0cxx_alignof
    Feature record: CXX_FEATURE:0cxx_attributes
    Feature record: CXX_FEATURE:0cxx_attribute_deprecated
    Feature record: CXX_FEATURE:0cxx_auto_type
    Feature record: CXX_FEATURE:0cxx_binary_literals
    Feature record: CXX_FEATURE:0cxx_constexpr
    Feature record: CXX_FEATURE:0cxx_contextual_conversions
    Feature record: CXX_FEATURE:0cxx_decltype
    Feature record: CXX_FEATURE:0cxx_decltype_auto
    Feature record: CXX_FEATURE:0cxx_decltype_incomplete_return_types
    Feature record: CXX_FEATURE:0cxx_default_function_template_args
    Feature record: CXX_FEATURE:0cxx_defaulted_functions
    Feature record: CXX_FEATURE:0cxx_defaulted_move_initializers
    Feature record: CXX_FEATURE:0cxx_delegating_constructors
    Feature record: CXX_FEATURE:0cxx_deleted_functions
    Feature record: CXX_FEATURE:0cxx_digit_separators
    Feature record: CXX_FEATURE:0cxx_enum_forward_declarations
    Feature record: CXX_FEATURE:0cxx_explicit_conversions
    Feature record: CXX_FEATURE:0cxx_extended_friend_declarations
    Feature record: CXX_FEATURE:0cxx_extern_templates
    Feature record: CXX_FEATURE:0cxx_final
    Feature record: CXX_FEATURE:0cxx_func_identifier
    Feature record: CXX_FEATURE:0cxx_generalized_initializers
    Feature record: CXX_FEATURE:0cxx_generic_lambdas
    Feature record: CXX_FEATURE:0cxx_inheriting_constructors
    Feature record: CXX_FEATURE:0cxx_inline_namespaces
    Feature record: CXX_FEATURE:0cxx_lambdas
    Feature record: CXX_FEATURE:0cxx_lambda_init_captures
    Feature record: CXX_FEATURE:0cxx_local_type_template_args
    Feature record: CXX_FEATURE:0cxx_long_long_type
    Feature record: CXX_FEATURE:0cxx_noexcept
    Feature record: CXX_FEATURE:0cxx_nonstatic_member_init
    Feature record: CXX_FEATURE:0cxx_nullptr
    Feature record: CXX_FEATURE:0cxx_override
    Feature record: CXX_FEATURE:0cxx_range_for
    Feature record: CXX_FEATURE:0cxx_raw_string_literals
    Feature record: CXX_FEATURE:0cxx_reference_qualified_functions
    Feature record: CXX_FEATURE:0cxx_relaxed_constexpr
    Feature record: CXX_FEATURE:0cxx_return_type_deduction
    Feature record: CXX_FEATURE:0cxx_right_angle_brackets
    Feature record: CXX_FEATURE:0cxx_rvalue_references
    Feature record: CXX_FEATURE:0cxx_sizeof_member
    Feature record: CXX_FEATURE:0cxx_static_assert
    Feature record: CXX_FEATURE:0cxx_strong_enums
    Feature record: CXX_FEATURE:1cxx_template_template_parameters
    Feature record: CXX_FEATURE:0cxx_thread_local
    Feature record: CXX_FEATURE:0cxx_trailing_return_types
    Feature record: CXX_FEATURE:0cxx_unicode_literals
    Feature record: CXX_FEATURE:0cxx_uniform_initialization
    Feature record: CXX_FEATURE:0cxx_unrestricted_unions
    Feature record: CXX_FEATURE:0cxx_user_literals
    Feature record: CXX_FEATURE:0cxx_variable_templates
    Feature record: CXX_FEATURE:0cxx_variadic_macros
    Feature record: CXX_FEATURE:0cxx_variadic_templates
